nohup: ignoring input

######################################################################
#  Training: mlp on 10x10 Othello
#  25 iters, 100 sims, 100 games/iter
######################################################################

  AlphaZero — othello10
  Network: 4x256 MLP  |  MCTS: 100 sims, c_puct=1.0  |  LR: 0.001
  Changed from default:
    mcts.num_simulations: 25 -> 100
    mcts.nn_batch_size: 1 -> 8
    network.hidden_size: 128 -> 256
    training.checkpoint_dir: checkpoints -> /workspace/code/personal-research/alphago/experiments/20260305_othello_10x10_cnn_vs_mlp/data/mlp
    game: tictactoe -> othello10

Iter    Loss     pi      v      Arena      vsRand  H(pi)  Depth   Time
──────────────────────────────────────────────────────────────────────
 1/25  4.367  3.983  0.385  40W/0D/0L   +    89%   0.28    2.7  908.2s
 2/25  3.907  3.564  0.343  20W/0D/20L   -    86%   0.22    4.8  908.7s
 3/25  3.937  3.572  0.366   0W/20D/20L   -    81%   0.22    4.8  903.6s
 4/25  3.952  3.561  0.390   0W/0D/40L   -    82%   0.22    4.8  906.0s
 5/25  3.904  3.550  0.354  20W/20D/0L   +    86%   0.22    4.8  920.4s
 6/25  3.839  3.515  0.324  20W/0D/20L   -    92%   0.21    5.0  915.0s
 7/25  3.907  3.553  0.354  20W/0D/20L   -    88%   0.21    5.0  912.5s
 8/25  3.859  3.528  0.331   0W/0D/40L   -    84%   0.21    5.0  915.6s
 9/25  3.825  3.514  0.311  20W/0D/20L   -    90%   0.21    5.0  922.3s
10/25  3.796  3.471  0.326   0W/20D/20L   -    86%   0.21    4.9  917.4s
11/25  3.867  3.552  0.315  40W/0D/0L   +    94%   0.21    5.0  917.3s
12/25  3.901  3.554  0.347  40W/0D/0L   +    90%   0.20    5.2  903.5s
13/25  3.916  3.583  0.332  40W/0D/0L   +    94%   0.21    5.1  919.4s
14/25  4.033  3.650  0.384  40W/0D/0L   +    90%   0.21    5.0  922.7s
15/25  4.083  3.706  0.377   0W/0D/40L   -    93%   0.21    5.1  910.3s
16/25  4.080  3.692  0.388  20W/0D/20L   -    93%   0.20    5.1  922.2s
17/25  4.086  3.719  0.367  20W/0D/20L   -    92%   0.20    5.1  921.2s
18/25  4.152  3.735  0.417  20W/0D/20L   -    87%   0.21    5.1  919.5s
19/25  4.121  3.724  0.397  40W/0D/0L   +    90%   0.20    5.1  913.8s
20/25  4.147  3.739  0.408  40W/0D/0L   +    92%   0.20    5.0  904.6s
21/25  4.133  3.768  0.366  20W/0D/20L   -    88%   0.21    5.1  910.8s
22/25  4.112  3.758  0.354   0W/0D/40L   -    86%   0.20    5.0  910.7s
23/25  4.149  3.766  0.383  40W/0D/0L   +    92%   0.21    5.1  909.3s
24/25  4.057  3.722  0.335  20W/0D/20L   -    94%   0.20    5.0  909.4s
25/25  4.140  3.741  0.399  20W/0D/20L   -    80%   0.20    5.0  910.4s

  Done in 380.6m | Models accepted: 9/25 | Best loss: 3.796
  vs Random — final: 80%, best: 94%
  Plots saved to /workspace/code/personal-research/alphago/experiments/20260305_othello_10x10_cnn_vs_mlp/data/mlp/figures/training_curves.png


  mlp: 80% final, 94% peak, 9/25 accepted, 380.6m

######################################################################
#  Training: othellonet on 10x10 Othello
#  25 iters, 100 sims, 100 games/iter
######################################################################

  AlphaZero — othello10
  Network: 4x128 MLP  |  MCTS: 100 sims, c_puct=1.0  |  LR: 0.001
  Changed from default:
    mcts.num_simulations: 25 -> 100
    mcts.nn_batch_size: 1 -> 8
    network.network_type: mlp -> othellonet
    network.num_filters: 64 -> 512
    network.dropout: 0.0 -> 0.3
    training.buffer_strategy: fifo -> window
    training.checkpoint_dir: checkpoints -> /workspace/code/personal-research/alphago/experiments/20260305_othello_10x10_cnn_vs_mlp/data/othellonet
    game: tictactoe -> othello10

Iter    Loss     pi      v      Arena      vsRand  H(pi)  Depth   Time
──────────────────────────────────────────────────────────────────────
 1/25  3.074  2.708  0.366  40W/0D/0L   +    91%   0.28    2.6  1526.6s
 2/25  1.457  1.262  0.195   0W/0D/40L   -    89%   0.22    5.3  1770.7s
 3/25  1.685  1.460  0.225  20W/0D/20L   -    86%   0.22    5.3  2035.4s
 4/25  1.829  1.578  0.251  20W/0D/20L   -    80%   0.22    5.4  2285.8s
 5/25  1.925  1.661  0.265  40W/0D/0L   +    94%   0.23    5.3  2517.2s
 6/25  1.036  0.867  0.170  20W/0D/20L   -    93%   0.21    5.8  2780.2s
 7/25  1.203  1.010  0.192  20W/0D/20L   -    92%   0.22    5.8  3021.5s
 8/25  1.340  1.127  0.213  20W/0D/20L   -    94%   0.21    5.8  3309.9s
 9/25  1.453  1.225  0.229  20W/0D/20L   -    91%   0.21    5.8  3650.5s
10/25  1.551  1.309  0.242  20W/0D/20L   -    87%   0.21    5.8  4102.7s
11/25  1.638  1.384  0.255  20W/0D/20L   -    94%   0.21    5.8  4558.7s
12/25  1.714  1.450  0.265  40W/0D/0L   +    99%   0.21    5.8  4885.9s
13/25  1.052  0.870  0.183  40W/0D/0L   +    92%   0.21    5.9  5246.9s
14/25  0.902  0.736  0.167  20W/20D/0L   +    98%   0.20    6.0  5620.1s
15/25  0.840  0.679  0.161  20W/0D/20L   -    98%   0.19    6.2  5853.4s
16/25  0.948  0.770  0.178   0W/0D/40L   -    98%   0.19    6.2  6076.9s
